<?xml version="1.0" encoding="UTF-8"?>
<urlset xmlns="http://www.sitemaps.org/schemas/sitemap/0.9">
  <url>
    <loc>https://www.shareking.vip</loc>
    <lastmod>2025-07-29</lastmod>
    <changefreq>daily</changefreq>
    <priority>1.0</priority>
  </url>
  <url>
    <loc>https://www.shareking.vip/archive</loc>
    <lastmod>2025-07-29</lastmod>
    <changefreq>daily</changefreq>
    <priority>0.8</priority>
  </url>
  <url>
    <loc>https://www.shareking.vip/category</loc>
    <lastmod>2025-07-29</lastmod>
    <changefreq>daily</changefreq>
    <priority>0.8</priority>
  </url>
  <url>
    <loc>https://www.shareking.vip/search</loc>
    <lastmod>2025-07-29</lastmod>
    <changefreq>weekly</changefreq>
    <priority>0.6</priority>
  </url>
  <url>
    <loc>https://www.shareking.vip/tag</loc>
    <lastmod>2025-07-29</lastmod>
    <changefreq>daily</changefreq>
    <priority>0.8</priority>
  </url>
</urlset>